<?xml version="1.0" encoding="utf-8"?><testsuites name="pytest tests"><testsuite name="pytest" errors="0" failures="0" skipped="0" tests="8" time="1.991" timestamp="2026-07-12T19:45:55.163928+00:00" hostname="agent-env-f0bee23e-621d-4f21-8cee-425565a25fcb"><testcase classname="tests.backend_test" name="test_stats" time="0.243" /><testcase classname="tests.backend_test" name="test_gmail_status" time="0.044" /><testcase classname="tests.backend_test" name="test_notes_list_seeded" time="0.045" /><testcase classname="tests.backend_test" name="test_note_create_get_update_toggle_delete" time="0.287" /><testcase classname="tests.backend_test" name="test_suppliers_crud" time="0.178" /><testcase classname="tests.backend_test" name="test_tasks_crud" time="0.181" /><testcase classname="tests.backend_test" name="test_quotes_flow_and_send_gmail_400" time="0.412" /><testcase classname="tests.backend_test" name="test_note_not_found" time="0.046" /></testsuite></testsuites>